<?xml version="1.0" encoding="UTF-8"?>
<testExecutions version="1">
  <file path="/home/mateuszstatkiewicz/OneCX/AIManagement/fork/onecx-ai-management-ui/src/app/ai-knowledge-vector-db/pages/ai-knowledge-vector-db-details/ai-knowledge-vector-db-details.component.spec.ts">
    <testCase name="AIKnowledgeVectorDbDetailsComponent should create" duration="1269"/>
    <testCase name="AIKnowledgeVectorDbDetailsComponent should display correct breadcrumbs" duration="472"/>
    <testCase name="AIKnowledgeVectorDbDetailsComponent should display translated headers" duration="394"/>
    <testCase name="AIKnowledgeVectorDbDetailsComponent should have 2 inline actions" duration="253"/>
    <testCase name="AIKnowledgeVectorDbDetailsComponent should navigate back on back button click" duration="210"/>
    <testCase name="AIKnowledgeVectorDbDetailsComponent should display item details in form fields" duration="176"/>
    <testCase name="AIKnowledgeVectorDbDetailsComponent should display item details in page header" duration="353"/>
    <testCase name="AIKnowledgeVectorDbDetailsComponent should enable or disable the form based on editMode" duration="263"/>
    <testCase name="AIKnowledgeVectorDbDetailsComponent should show the correct actions for edit and view modes" duration="286"/>
    <testCase name="AIKnowledgeVectorDbDetailsComponent should dispatch edit action when edit() is called" duration="285"/>
    <testCase name="AIKnowledgeVectorDbDetailsComponent should dispatch navigate back action when goBack() is called" duration="240"/>
    <testCase name="AIKnowledgeVectorDbDetailsComponent should dispatch cancel action with dirty state when cancel() is called" duration="228"/>
    <testCase name="AIKnowledgeVectorDbDetailsComponent should dispatch save action with form values when save() is called" duration="184"/>
    <testCase name="AIKnowledgeVectorDbDetailsComponent should dispatch delete action when delete() is called" duration="201"/>
    <testCase name="AIKnowledgeVectorDbDetailsComponent should call breadcrumbService.setItems on ngOnInit" duration="220"/>
    <testCase name="AIKnowledgeVectorDbDetailsComponent should map contexts correctly in getContextFormValue" duration="242"/>
    <testCase name="AIKnowledgeVectorDbDetailsComponent should execute actionCallback for each header action" duration="280"/>
    <testCase name="AIKnowledgeVectorDbDetailsComponent should dispatch cancel action with pristine state when cancel() is called" duration="183"/>
    <testCase name="AIKnowledgeVectorDbDetailsComponent should patch the form with details and matched context" duration="152"/>
    <testCase name="AIKnowledgeVectorDbDetailsComponent should emit correct displayContexts$ for details with aiContext" duration="149"/>
    <testCase name="AIKnowledgeVectorDbDetailsComponent should handle missing details gracefully" duration="209"/>
    <testCase name="AIKnowledgeVectorDbDetailsComponent should handle empty contexts array gracefully" duration="304"/>
    <testCase name="AIKnowledgeVectorDbDetailsComponent AIKnowledgeVectorDbDetailsReducer (integration) should return the initial state for an unknown action" duration="235"/>
    <testCase name="AIKnowledgeVectorDbDetailsComponent AIKnowledgeVectorDbDetailsReducer (integration) should handle aiKnowledgeVectorDbDetailsReceived" duration="202"/>
    <testCase name="AIKnowledgeVectorDbDetailsComponent AIKnowledgeVectorDbDetailsReducer (integration) should handle aiKnowledgeVectorDbDetailsLoadingFailed" duration="172"/>
    <testCase name="AIKnowledgeVectorDbDetailsComponent AIKnowledgeVectorDbDetailsReducer (integration) should handle aiKnowledgeVectorDbContextsReceived" duration="185"/>
    <testCase name="AIKnowledgeVectorDbDetailsComponent AIKnowledgeVectorDbDetailsReducer (integration) should handle aiKnowledgeVectorDbContextsLoadingFailed" duration="141"/>
    <testCase name="AIKnowledgeVectorDbDetailsComponent AIKnowledgeVectorDbDetailsReducer (integration) should handle navigatedToDetailsPage" duration="143"/>
    <testCase name="AIKnowledgeVectorDbDetailsComponent AIKnowledgeVectorDbDetailsReducer (integration) should handle editButtonClicked" duration="159"/>
    <testCase name="AIKnowledgeVectorDbDetailsComponent AIKnowledgeVectorDbDetailsReducer (integration) should handle saveButtonClicked" duration="131"/>
    <testCase name="AIKnowledgeVectorDbDetailsComponent AIKnowledgeVectorDbDetailsReducer (integration) should handle navigateBackButtonClicked" duration="135"/>
    <testCase name="AIKnowledgeVectorDbDetailsComponent AIKnowledgeVectorDbDetailsReducer (integration) should handle cancelEditConfirmClicked and related actions" duration="143"/>
    <testCase name="AIKnowledgeVectorDbDetailsComponent AIKnowledgeVectorDbDetailsReducer (integration) should handle updateAIKnowledgeVectorDbFailed" duration="131"/>
  </file>
</testExecutions>